#
# There is insufficient memory for the Java Runtime Environment to continue.
# Native memory allocation (malloc) failed to allocate 1048576 bytes for AllocateHeap
# Possible reasons:
#   The system is out of physical RAM or swap space
#   The process is running with CompressedOops enabled, and the Java Heap may be blocking the growth of the native heap
# Possible solutions:
#   Reduce memory load on the system
#   Increase physical memory or swap space
#   Check if swap backing store is full
#   Decrease Java heap size (-Xmx/-Xms)
#   Decrease number of Java threads
#   Decrease Java thread stack sizes (-Xss)
#   Set larger code cache with -XX:ReservedCodeCacheSize=
#   JVM is running with Unscaled Compressed Oops mode in which the Java heap is
#     placed in the first 4GB address space. The Java Heap base address is the
#     maximum limit for the native heap growth. Please use -XX:HeapBaseMinAddress
#     to set the Java Heap base and to place the Java Heap above 4GB virtual address.
# This output file may be truncated or incomplete.
#
#  Out of Memory Error (memory/allocation.inline.hpp:61), pid=13300, tid=0x00000000000029c4
#
# JRE version:  (8.0_231-b11) (build )
# Java VM: Java HotSpot(TM) 64-Bit Server VM (25.231-b11 mixed mode windows-amd64 compressed oops)
# Failed to write core dump. Minidumps are not enabled by default on client versions of Windows
#

---------------  T H R E A D  ---------------

Current thread (0x0000000002392800):  JavaThread "Unknown thread" [_thread_in_vm, id=10692, stack(0x0000000002290000,0x0000000002390000)]

Stack: [0x0000000002290000,0x0000000002390000]
[error occurred during error reporting (printing stack bounds), id 0xc0000005]

Native frames: (J=compiled Java code, j=interpreted, Vv=VM code, C=native code)


---------------  P R O C E S S  ---------------

Java Threads: ( => current thread )

Other Threads:

=>0x0000000002392800 (exited) JavaThread "Unknown thread" [_thread_in_vm, id=10692, stack(0x0000000002290000,0x0000000002390000)]

VM state:not at safepoint (normal execution)

VM Mutex/Monitor currently owned by a thread: None

heap address: 0x00000000a1a00000, size: 1510 MB, Compressed Oops mode: 32-bit
Narrow klass base: 0x0000000000000000, Narrow klass shift: 3
Compressed class space size: 1073741824 Address: 0x0000000100000000

Heap:
 PSYoungGen      total 28672K, used 491K [0x00000000e0900000, 0x00000000e2900000, 0x0000000100000000)
  eden space 24576K, 2% used [0x00000000e0900000,0x00000000e097ae20,0x00000000e2100000)
  from space 4096K, 0% used [0x00000000e2500000,0x00000000e2500000,0x00000000e2900000)
  to   space 4096K, 0% used [0x00000000e2100000,0x00000000e2100000,0x00000000e2500000)
 ParOldGen       total 65536K, used 0K [0x00000000a1a00000, 0x00000000a5a00000, 0x00000000e0900000)
  object space 65536K, 0% used [0x00000000a1a00000,0x00000000a1a00000,0x00000000a5a00000)
 Metaspace       used 752K, capacity 4480K, committed 4480K, reserved 1056768K
  class space    used 76K, capacity 384K, committed 384K, reserved 1048576K

Card table byte_map: [0x0000000011850000,0x0000000011b50000] byte_map_base: 0x0000000011343000

Marking Bits: (ParMarkBitMap*) 0x0000000076576d90
 Begin Bits: [0x0000000012150000, 0x00000000138e8000)
 End Bits:   [0x00000000138e8000, 0x0000000015080000)

Polling page: 0x0000000000a80000

CodeCache: size=245760Kb used=328Kb max_used=328Kb free=245431Kb
 bounds [0x0000000002490000, 0x0000000002700000, 0x0000000011490000]
 total_blobs=58 nmethods=0 adapters=38
 compilation: enabled

Compilation events (0 events):
No events

GC Heap History (0 events):
No events

Deoptimization events (0 events):
No events

Classes redefined (0 events):
No events

Internal exceptions (0 events):
No events

Events (10 events):
Event: 0.082 loading class java/lang/Short
Event: 0.083 loading class java/lang/Short done
Event: 0.083 loading class java/lang/Integer
Event: 0.083 loading class java/lang/Integer done
Event: 0.083 loading class java/lang/Long
Event: 0.083 loading class java/lang/Long done
Event: 0.086 loading class java/lang/NullPointerException
Event: 0.086 loading class java/lang/NullPointerException done
Event: 0.086 loading class java/lang/ArithmeticException
Event: 0.086 loading class java/lang/ArithmeticException done


Dynamic libraries:
0x00007ff769660000 - 0x00007ff769697000 	C:\Program Files (x86)\Common Files\Oracle\Java\javapath\java.exe
0x00007ffe51aa0000 - 0x00007ffe51c90000 	C:\WINDOWS\SYSTEM32\ntdll.dll
0x00007ffe4ffc0000 - 0x00007ffe50072000 	C:\WINDOWS\System32\KERNEL32.DLL
0x00007ffe4eb30000 - 0x00007ffe4edd5000 	C:\WINDOWS\System32\KERNELBASE.dll
0x00007ffe4fd30000 - 0x00007ffe4fdd3000 	C:\WINDOWS\System32\ADVAPI32.dll
0x00007ffe4fde0000 - 0x00007ffe4fe7e000 	C:\WINDOWS\System32\msvcrt.dll
0x00007ffe502a0000 - 0x00007ffe50337000 	C:\WINDOWS\System32\sechost.dll
0x00007ffe50140000 - 0x00007ffe50260000 	C:\WINDOWS\System32\RPCRT4.dll
0x00007ffe50c10000 - 0x00007ffe50da4000 	C:\WINDOWS\System32\USER32.dll
0x00007ffe4f5e0000 - 0x00007ffe4f601000 	C:\WINDOWS\System32\win32u.dll
0x00007ffe4fb50000 - 0x00007ffe4fb76000 	C:\WINDOWS\System32\GDI32.dll
0x00007ffe4f610000 - 0x00007ffe4f7a6000 	C:\WINDOWS\System32\gdi32full.dll
0x00007ffe4f950000 - 0x00007ffe4f9ee000 	C:\WINDOWS\System32\msvcp_win.dll
0x00007ffe4ea30000 - 0x00007ffe4eb2a000 	C:\WINDOWS\System32\ucrtbase.dll
0x00007ffe439d0000 - 0x00007ffe43c54000 	C:\WINDOWS\WinSxS\amd64_microsoft.windows.common-controls_6595b64144ccf1df_6.0.18362.1139_none_9e7bf2d3e4605ac6\COMCTL32.dll
0x00007ffe50720000 - 0x00007ffe50a55000 	C:\WINDOWS\System32\combase.dll
0x00007ffe4f560000 - 0x00007ffe4f5e0000 	C:\WINDOWS\System32\bcryptPrimitives.dll
0x00007ffe50270000 - 0x00007ffe5029e000 	C:\WINDOWS\System32\IMM32.DLL
0x00000000776d0000 - 0x00000000777a2000 	C:\Program Files\Java\jre1.8.0_231\bin\msvcr100.dll
0x0000000075d50000 - 0x00000000765f6000 	C:\Program Files\Java\jre1.8.0_231\bin\server\jvm.dll
0x00007ffe50260000 - 0x00007ffe50268000 	C:\WINDOWS\System32\PSAPI.DLL
0x00007ffe41b10000 - 0x00007ffe41b1a000 	C:\WINDOWS\SYSTEM32\VERSION.dll
0x00007ffe48c00000 - 0x00007ffe48c24000 	C:\WINDOWS\SYSTEM32\WINMM.dll
0x00007ffe39cc0000 - 0x00007ffe39cc9000 	C:\WINDOWS\SYSTEM32\WSOCK32.dll
0x00007ffe48960000 - 0x00007ffe4898d000 	C:\WINDOWS\SYSTEM32\winmmbase.dll
0x00007ffe4f9f0000 - 0x00007ffe4fa3a000 	C:\WINDOWS\System32\cfgmgr32.dll
0x00007ffe4ff50000 - 0x00007ffe4ffbf000 	C:\WINDOWS\System32\WS2_32.dll
0x00007ffe4b130000 - 0x00007ffe4b13f000 	C:\Program Files\Java\jre1.8.0_231\bin\verify.dll
0x00007ffe3e810000 - 0x00007ffe3e839000 	C:\Program Files\Java\jre1.8.0_231\bin\java.dll
0x00007ffe40b70000 - 0x00007ffe40b86000 	C:\Program Files\Java\jre1.8.0_231\bin\zip.dll

VM Arguments:
jvm_args: -Dfile.encoding=UTF8 
java_command: C:\Python36-32\lib\site-packages\tabula\tabula-1.0.3-jar-with-dependencies.jar --pages 1-1 --stream --guess --format JSON 1-enr3-1-2.pdf
java_class_path (initial): C:\Python36-32\lib\site-packages\tabula\tabula-1.0.3-jar-with-dependencies.jar
Launcher Type: SUN_STANDARD

Environment Variables:
JAVA_HOME=C:\Program Files\Java\jdk1.8.0_231
PATH=C:\Users\kolobok\bin;C:\Program Files\Git\mingw64\bin;C:\Program Files\Git\usr\local\bin;C:\Program Files\Git\usr\bin;C:\Program Files\Git\usr\bin;C:\Program Files\Git\mingw64\bin;C:\Program Files\Git\usr\bin;C:\Users\kolobok\bin;C:\Program Files (x86)\Common Files\Oracle\Java\javapath;C:\ProgramData\Oracle\Java\javapath;C:\Program Files\Rockwell Software\RSCommon;C:\Perl64\site\bin;C:\Perl64\bin;C:\Program Files (x86)\Intel\iCLS Client;C:\Program Files\Intel\iCLS Client;C:\WINDOWS\system32;C:\WINDOWS;C:\WINDOWS\System32\Wbem;C:\WINDOWS\System32\WindowsPowerShell\v1.0;C:\Program Files (x86)\Common Files\Acronis\SnapAPI;C:\Program Files (x86)\Toshiba\Bluetooth Toshiba Stack\sys;C:\Program Files (x86)\Toshiba\Bluetooth Toshiba Stack\sys\x64;C:\Program Files\Intel\Intel(R) Management Engine Components\DAL;C:\Program Files\Intel\Intel(R) Management Engine Components\IPT;C:\Program Files (x86)\Intel\Intel(R) Management Engine Components\DAL;C:\Program Files (x86)\Intel\Intel(R) Management Engine Components\IPT;C:\Program Files\Intel\WiFi\bin;C:\Program Files\Common Files\Intel\WirelessCommon;C:\Program Files\Git\usr\bin;C:\Android\sdk\platform-tools;C:\Android\sdk\tools;C:\Program Files\Java\jdk1.8.0_121\bin;C:\Android\sdk\platform;C:\Program Files (x86)\Common Files\Teleca Shared;C:\Program Files\Git LFS;C:\WINDOWS\system32;C:\WINDOWS;C:\WINDOWS\System32\Wbem;C:\WINDOWS\System32\WindowsPowerShell\v1.0;C:\Program Files\PuTTY;C:\WINDOWS\System32\OpenSSH;C:\Python36-32\Scripts;C:\Python36-32;C:\Program Files\Intel\WiFi\bin;C:\Program Files\Common Files\Intel\WirelessCommon;C:\Program Files\Git\usr\bin;C:\Android\sdk\platform-tools;C:\Android\sdk\tools;C:\Program Files\Java\jdk1.8.0_121\bin;C:\Android\sdk\platform;C:\Users\kolobok\AppData\Local\Microsoft\WindowsApps;C:\Program Files\PostgreSQL\12\bin;C:\Program Files\Git\usr\bin\vendor_perl;C:\Program Files\Git\usr\bin\core_perl;C:\Python36-32\lib\site-packages\pywin32_system32;C:\Python36-32\lib\site-packages\numpy\.libs
USERNAME=kolobok
SHELL=C:/Program Files/Git/usr/bin/bash
DISPLAY=needs-to-be-defined
OS=Windows_NT
PROCESSOR_IDENTIFIER=Intel64 Family 6 Model 58 Stepping 9, GenuineIntel



---------------  S Y S T E M  ---------------

OS: Windows 10.0 , 64 bit Build 18362 (10.0.18362.1110)

CPU:total 4 (initial active 4) (2 cores per cpu, 2 threads per core) family 6 model 58 stepping 9, cmov, cx8, fxsr, mmx, sse, sse2, sse3, ssse3, sse4.1, sse4.2, popcnt, avx, aes, clmul, erms, ht, tsc, tscinvbit, tscinv

Memory: 4k page, physical 6183064k(640620k free), swap 6183064k(5212k free)

vm_info: Java HotSpot(TM) 64-Bit Server VM (25.231-b11) for windows-amd64 JRE (1.8.0_231-b11), built on Oct  5 2019 03:11:30 by "java_re" with MS VC++ 10.0 (VS2010)

time: Tue Feb 02 01:15:26 2021
timezone: RTZ 2 (зима)
elapsed time: 0 seconds (0d 0h 0m 0s)

